<?xml version="1.0" encoding="UTF-8"?>
<!-- Generated by org.testng.reporters.JUnitReportReporter -->
<testsuite hostname="DESKTOP-304V0E1" failures="0" tests="1" name="org.chouerTest.Test_case_2_Test" time="26.792" errors="0" timestamp="2022-09-19T16:16:47 IST" skipped="0">
  <testcase classname="org.chouerTest.Test_case_2_Test" name="Test_case_2_test" time="26.792"/>
  <system-out/>
</testsuite> <!-- org.chouerTest.Test_case_2_Test -->
