<?xml version="1.0" encoding="UTF-8"?>
<!-- Generated by org.testng.reporters.JUnitReportReporter -->
<testsuite hostname="DESKTOP-304V0E1" failures="0" tests="1" name="Chrous_pratic.Create_opportuinitiesTest" time="9.931" errors="0" timestamp="2022-09-16T20:23:49 IST" skipped="0">
  <testcase classname="Chrous_pratic.Create_opportuinitiesTest" name="create_opportuinitiesTest" time="9.931"/>
  <system-out/>
</testsuite> <!-- Chrous_pratic.Create_opportuinitiesTest -->
