<?xml version="1.0" encoding="UTF-8"?>
<!-- Generated by org.testng.reporters.JUnitReportReporter -->
<testsuite hostname="DESKTOP-304V0E1" failures="0" tests="1" name="org.chouerTest.TC_03_delect_Test" time="28.691" errors="0" timestamp="2022-09-19T16:16:47 IST" skipped="0">
  <testcase classname="org.chouerTest.TC_03_delect_Test" name="TC_03_delect" time="28.691"/>
  <system-out/>
</testsuite> <!-- org.chouerTest.TC_03_delect_Test -->
